2019-Mar-14 18:37:15  --------------------------------------------------------------------------------
2019-Mar-14 18:37:15  nrfjprog --program C:/Users/sindr/GitHub/zephyr_nrf_bridge/app/build/zephyr/zephyr.hex -f NRF52 --sectoranduicrerase --log
2019-Mar-14 18:37:15  nrfjprog version 9.8.1
2019-Mar-14 18:37:15  --------------------------------------------------------------------------------
2019-Mar-14 18:37:15  nRF_open_dll
2019-Mar-14 18:37:15  . nRF52_open_dll
2019-Mar-14 18:37:15  . . nRF52_dll_version
2019-Mar-14 18:37:15  nRF_enum_emu_snr
2019-Mar-14 18:37:15  . nRF52_enum_emu_snr
2019-Mar-14 18:37:15  . . nRF52_enum_emu_snr
2019-Mar-14 18:37:15  nRF_enum_emu_snr
2019-Mar-14 18:37:15  . nRF52_enum_emu_snr
2019-Mar-14 18:37:15  . . nRF52_enum_emu_snr
2019-Mar-14 18:37:15  nRF_connect_to_emu_with_snr
2019-Mar-14 18:37:15  . nRF52_connect_to_emu_with_snr
2019-Mar-14 18:37:15  . . nRF52_is_connected_to_emu
2019-Mar-14 18:37:15  . . nRF52_enum_emu_snr
2019-Mar-14 18:37:15  . . nRF52_connect_to_emu_with_snr
2019-Mar-14 18:37:15  . . . nRF52_connect_to_emu_without_snr
2019-Mar-14 18:37:15  . . . nRF52_connect_to_emu_without_snr:	JLink:	 Firmware: J-Link OB-SAM3U128-V2-NordicSemi compiled Jul 12 2018 11:44:41
2019-Mar-14 18:37:15  . . . nRF52_connect_to_emu_without_snr:	JLink:	 Hardware: V1.00
2019-Mar-14 18:37:15  . . . nRF52_connect_to_emu_without_snr:	JLink:	 S/N: 682804166
2019-Mar-14 18:37:15  . . . nRF52_connect_to_emu_without_snr:	JLink:	 TELNET listener socket opened on port 19021
2019-Mar-14 18:37:15  . . . nRF52_connect_to_emu_without_snr:	JLink:	WEBSRV  Starting webserver
2019-Mar-14 18:37:15  . . . nRF52_connect_to_emu_without_snr:	JLink:	 (0039ms, 0046ms total)  
2019-Mar-14 18:37:15  . . . nRF52_connect_to_emu_without_snr:	JLink:	WEBSRV Webserver running on local port 19080
2019-Mar-14 18:37:15  . . . nRF52_connect_to_emu_without_snr:	JLink:	 (0042ms, 0049ms total)  
2019-Mar-14 18:37:15  . . . nRF52_connect_to_emu_without_snr:	JLink:	  returns O.K.
2019-Mar-14 18:37:15  . . . nRF52_connect_to_emu_without_snr:	JLink:	 (0045ms, 0052ms total)  
2019-Mar-14 18:37:15  . . . nRF52_connect_to_emu_without_snr:	JLink:	JLINK_GetHWStatus(...)
2019-Mar-14 18:37:15  . . . nRF52_connect_to_emu_without_snr:	JLink:	  returns 0x00
2019-Mar-14 18:37:15  . . . nRF52_connect_to_emu_without_snr:	JLink:	 (0003ms, 0056ms total)  
2019-Mar-14 18:37:15  . . . nRF52_connect_to_emu_without_snr:	There is no generic nRF52 device in J-Link, so we select NRF52832_xxAA.

2019-Mar-14 18:37:15  . . . nRF52_connect_to_emu_without_snr:	JLink:	JLINK_ExecCommand("Device = NRF52832_xxAA", ...). 
2019-Mar-14 18:37:15  . . . nRF52_connect_to_emu_without_snr:	JLink:	XML file found at: C:\Program Files (x86)\SEGGER\JLink_V640\JLinkDevices.xml
2019-Mar-14 18:37:15  . . . nRF52_connect_to_emu_without_snr:	JLink:	 (0003ms, 0063ms total)  
2019-Mar-14 18:37:15  . . . nRF52_connect_to_emu_without_snr:	JLink:	C:\Program Files (x86)\SEGGER\JLink_V640\JLinkDevices.xml evaluated successfully.
2019-Mar-14 18:37:16  . . . nRF52_connect_to_emu_without_snr:	JLink:	Device "NRF52832_XXAA" selected.
2019-Mar-14 18:37:16  . . . nRF52_connect_to_emu_without_snr:	JLink:	Device "NRF52832_XXAA" selected.
2019-Mar-14 18:37:16  . . . nRF52_connect_to_emu_without_snr:	JLink:	  returns 0x00
2019-Mar-14 18:37:16  . . . nRF52_connect_to_emu_without_snr:	JLink:	 (0186ms, 0246ms total)  
2019-Mar-14 18:37:16  . . . nRF52_connect_to_emu_without_snr:	JLink:	JLINK_ExecCommand("SetRestartOnClose = 0", ...). 
2019-Mar-14 18:37:16  . . . nRF52_connect_to_emu_without_snr:	JLink:	  returns 0x01
2019-Mar-14 18:37:16  . . . nRF52_connect_to_emu_without_snr:	JLink:	 (0003ms, 0252ms total)  
2019-Mar-14 18:37:16  . . . nRF52_connect_to_emu_without_snr:	JLink:	JLINK_ExecCommand("DisableFlashDL", ...). 
2019-Mar-14 18:37:16  . . . nRF52_connect_to_emu_without_snr:	JLink:	  returns 0x00
2019-Mar-14 18:37:16  . . . nRF52_connect_to_emu_without_snr:	JLink:	 (0000ms, 0255ms total)  
2019-Mar-14 18:37:16  . . . nRF52_connect_to_emu_without_snr:	JLink:	JLINK_ExecCommand("SetDbgPowerDownOnClose = 1", ...). 
2019-Mar-14 18:37:16  . . . nRF52_connect_to_emu_without_snr:	JLink:	  returns 0x01
2019-Mar-14 18:37:16  . . . nRF52_connect_to_emu_without_snr:	JLink:	 (0000ms, 0259ms total)  
2019-Mar-14 18:37:16  . . . nRF52_connect_to_emu_without_snr:	JLink:	JLINK_ExecCommand("ExcludeFlashCacheRange 0x0-0xFFFFFFFF", ...). 
2019-Mar-14 18:37:16  . . . nRF52_connect_to_emu_without_snr:	JLink:	  returns 0x00
2019-Mar-14 18:37:16  . . . nRF52_connect_to_emu_without_snr:	JLink:	 (0000ms, 0264ms total)  
2019-Mar-14 18:37:16  . . . nRF52_connect_to_emu_without_snr:	JLink:	JLINK_TIF_Select(JLINKARM_TIF_SWD)
2019-Mar-14 18:37:16  . . . nRF52_connect_to_emu_without_snr:	JLink:	  returns 0x00
2019-Mar-14 18:37:16  . . . nRF52_connect_to_emu_without_snr:	JLink:	 (0005ms, 0270ms total)  
2019-Mar-14 18:37:16  . . . nRF52_connect_to_emu_without_snr:	JLink:	JLINK_SetSpeed(2000)
2019-Mar-14 18:37:16  . . . nRF52_connect_to_emu_without_snr:	JLink:	 (0002ms, 0273ms total)  
2019-Mar-14 18:37:16  nRF_read_device_version
2019-Mar-14 18:37:16  . nRF52_read_device_version
2019-Mar-14 18:37:16  . . nRF52_is_connected_to_emu
2019-Mar-14 18:37:16  . . nRF52_is_connected_to_emu:	JLink:	JLINK_IsOpen()
2019-Mar-14 18:37:16  . . nRF52_is_connected_to_emu:	JLink:	  returns 0x01
2019-Mar-14 18:37:16  . . nRF52_is_connected_to_emu:	JLink:	 (0004ms, 0279ms total)  
2019-Mar-14 18:37:16  . . nRF52_is_connected_to_device
2019-Mar-14 18:37:16  . . nRF52_is_connected_to_device:	JLink:	JLINK_IsConnected()
2019-Mar-14 18:37:16  . . nRF52_is_connected_to_device:	JLink:	  returns FALSE
2019-Mar-14 18:37:16  . . nRF52_is_connected_to_device:	JLink:	 (0004ms, 0285ms total)  
2019-Mar-14 18:37:16  . . nRF52_readback_status
2019-Mar-14 18:37:16  . . . nRF52_is_ctrl_ap_available
2019-Mar-14 18:37:16  . . . . nRF52_read_access_port_register
2019-Mar-14 18:37:16  . . . . . nRF52_coresight_configure
2019-Mar-14 18:37:16  . . . . . nRF52_coresight_configure:	JLink:	JLINK_CORESIGHT_Configure()
2019-Mar-14 18:37:16  . . . . . nRF52_coresight_configure:	JLink:	  returns 0
2019-Mar-14 18:37:16  . . . . . nRF52_coresight_configure:	JLink:	 (0105ms, 0393ms total)  
2019-Mar-14 18:37:16  . . . . . nRF52_power_debug_and_system_regions
2019-Mar-14 18:37:16  . . . . . . nRF52_write_debug_port_register
2019-Mar-14 18:37:16  . . . . . . nRF52_write_debug_port_register:	JLink:	JLINK_CORESIGHT_WriteAPDPReg(DP reg 0x02, 0x00000000)
2019-Mar-14 18:37:16  . . . . . . nRF52_write_debug_port_register:	JLink:	  returns -1
2019-Mar-14 18:37:16  . . . . . . nRF52_write_debug_port_register:	JLink:	 (0005ms, 0399ms total)  
2019-Mar-14 18:37:16  . . . . . . nRF52_write_debug_port_register:	JLinkARM.dll CORESIGHT_WriteAPDPReg returned error -1.

2019-Mar-14 18:37:16  . . . . . nRF52_power_debug_and_system_regions:	JLinkARM.dll CORESIGHT_WriteAPDPReg returned error -102.

2019-Mar-14 18:37:16  nRF_close_dll
2019-Mar-14 18:37:16  . nRF52_close_dll
2019-Mar-14 18:37:16  . . nRF52_is_connected_to_emu
2019-Mar-14 18:37:16  . . nRF52_is_connected_to_emu:	JLink:	JLINK_IsOpen()
2019-Mar-14 18:37:16  . . nRF52_is_connected_to_emu:	JLink:	  returns 0x01
2019-Mar-14 18:37:16  . . nRF52_is_connected_to_emu:	JLink:	 (0003ms, 0403ms total)  
2019-Mar-14 18:37:16  . . nRF52_disconnect_from_emu
2019-Mar-14 18:37:16  . . . nRF52_is_connected_to_device
2019-Mar-14 18:37:16  . . . nRF52_is_connected_to_device:	JLink:	JLINK_IsConnected()
2019-Mar-14 18:37:16  . . . nRF52_is_connected_to_device:	JLink:	  returns FALSE
2019-Mar-14 18:37:16  . . . nRF52_is_connected_to_device:	JLink:	 (0004ms, 0408ms total)  
2019-Mar-14 18:37:16  . . . nRF52_unpower_debug_and_system_regions
2019-Mar-14 18:37:16  . . nRF52_disconnect_from_emu:	JLink:	JLINK_Close()
